<?xml version="1.0" encoding="UTF-8"?>
<!-- Generated by org.testng.reporters.JUnitReportReporter -->
<testsuite ignored="0" hostname="LAPTOP-G8CE21GD" failures="0" tests="1" name="googleSearch.openURL" time="11.386" errors="0" timestamp="14 May 2020 11:13:12 GMT" skipped="0">
  <testcase classname="googleSearch.openURL" name="openWebSiteandSearch" time="11.386"/>
</testsuite> <!-- googleSearch.openURL -->
