<?xml version="1.0" encoding="UTF-8"?>
<!-- Generated by org.testng.reporters.JUnitReportReporter -->
<testsuite skipped="0" hostname="XDW10IMPDCMS929" name="googleSearch.openURL" tests="1" failures="0" timestamp="2020-05-15T10:46:44 IST" time="21.953" errors="0">
  <testcase name="openWebSiteandSearch" time="21.953" classname="googleSearch.openURL"/>
  <system-out/>
</testsuite> <!-- googleSearch.openURL -->
