<?xml version="1.0" encoding="UTF-8"?>
<!-- Generated by org.testng.reporters.JUnitReportReporter -->
<testsuite skipped="0" hostname="XDW10IMPDCMS929" name="googleSearch.demo" tests="1" failures="0" timestamp="2020-05-14T18:01:31 IST" time="0.012" errors="0">
  <testcase name="f" time="0.012" classname="googleSearch.demo"/>
  <system-out/>
</testsuite> <!-- googleSearch.demo -->
